\BOOKMARK [0][-]{chapter*.4}{\376\377\000A\000g\000r\000a\000d\000e\000c\000i\000m\000i\000e\000n\000t\000o\000s}{}% 1
\BOOKMARK [0][-]{chapter.1}{\376\377\000I\000N\000T\000R\000O\000D\000U\000C\000C\000I\000\323\000N}{}% 2
\BOOKMARK [0][-]{chapter.2}{\376\377\000D\000E\000L\000I\000M\000I\000T\000A\000C\000I\000\323\000N\000\040\000Y\000\040\000P\000L\000A\000N\000T\000E\000A\000M\000I\000E\000N\000T\000O\000\040\000D\000E\000L\000\040\000P\000R\000O\000B\000L\000E\000M\000A}{}% 3
\BOOKMARK [0][-]{chapter.3}{\376\377\000J\000U\000S\000T\000I\000F\000I\000C\000A\000C\000I\000\323\000N}{}% 4
\BOOKMARK [0][-]{chapter.4}{\376\377\000F\000O\000R\000M\000U\000L\000A\000C\000I\000\323\000N\000\040\000D\000E\000\040\000O\000B\000J\000E\000T\000I\000V\000O\000S}{}% 5
\BOOKMARK [1][-]{section.4.1}{\376\377\000G\000e\000n\000e\000r\000a\000l\000e\000s}{chapter.4}% 6
\BOOKMARK [1][-]{section.4.2}{\376\377\000E\000s\000p\000e\000c\000\355\000f\000i\000c\000o\000s}{chapter.4}% 7
\BOOKMARK [0][-]{chapter.5}{\376\377\000M\000A\000R\000C\000O\000\040\000T\000E\000\323\000R\000I\000C\000O}{}% 8
\BOOKMARK [1][-]{section.5.1}{\376\377\000G\000e\000o\000f\000\355\000s\000i\000c\000a\000\040\000y\000\040\000G\000e\000o\000e\000l\000\351\000c\000t\000r\000i\000c\000a}{chapter.5}% 9
\BOOKMARK [2][-]{subsection.5.1.1}{\376\377\000D\000e\000f\000i\000n\000i\000c\000i\000\363\000n\000\040\000d\000e\000\040\000G\000e\000o\000f\000\355\000s\000i\000c\000a}{section.5.1}% 10
\BOOKMARK [2][-]{subsection.5.1.2}{\376\377\000R\000e\000s\000i\000s\000t\000i\000v\000i\000d\000a\000d\000\040\000d\000e\000\040\000l\000a\000\040\000T\000i\000e\000r\000r\000a}{section.5.1}% 11
\BOOKMARK [2][-]{subsection.5.1.3}{\376\377\000S\000o\000n\000d\000e\000o\000\040\000E\000l\000\351\000c\000t\000r\000i\000c\000o\000\040\000V\000e\000r\000t\000i\000c\000a\000l\000\040\000\050\000S\000E\000V\000\051}{section.5.1}% 12
\BOOKMARK [1][-]{section.5.2}{\376\377\000A\000d\000q\000u\000i\000s\000i\000c\000i\000\363\000n\000\040\000d\000e\000\040\000D\000a\000t\000o\000s\000\040\000G\000e\000o\000f\000\355\000s\000i\000c\000o\000s}{chapter.5}% 13
\BOOKMARK [2][-]{subsection.5.2.1}{\376\377\000I\000n\000t\000e\000r\000v\000a\000l\000o\000\040\000d\000e\000\040\000M\000u\000e\000s\000t\000r\000e\000o\000\040\000e\000n\000\040\000S\000E\000V}{section.5.2}% 14
\BOOKMARK [2][-]{subsection.5.2.2}{\376\377\000P\000r\000o\000c\000e\000s\000o\000\040\000d\000e\000\040\000A\000d\000q\000u\000i\000s\000i\000c\000i\000\363\000n\000\040\000I\000n\000\040\000S\000i\000t\000u}{section.5.2}% 15
\BOOKMARK [1][-]{section.5.3}{\376\377\000M\000a\000c\000h\000i\000n\000e\000\040\000L\000e\000a\000r\000n\000i\000n\000g\000\040\000\050\000M\000L\000\051\000\040\000e\000n\000\040\000l\000a\000\040\000G\000e\000o\000f\000\355\000s\000i\000c\000a}{chapter.5}% 16
\BOOKMARK [1][-]{section.5.4}{\376\377\000R\000a\000n\000d\000o\000m\000\040\000F\000o\000r\000e\000s\000t\000s}{chapter.5}% 17
\BOOKMARK [2][-]{subsection.5.4.1}{\376\377\000P\000r\000o\000p\000i\000e\000d\000a\000d\000e\000s\000\040\000d\000e\000\040\000R\000a\000n\000d\000o\000m\000\040\000F\000o\000r\000e\000s\000t\000s}{section.5.4}% 18
\BOOKMARK [2][-]{subsection.5.4.2}{\376\377\000R\000o\000b\000u\000s\000t\000e\000z\000\040\000y\000\040\000P\000r\000e\000c\000i\000s\000i\000\363\000n}{section.5.4}% 19
\BOOKMARK [2][-]{subsection.5.4.3}{\376\377\000R\000a\000n\000d\000o\000m\000\040\000F\000o\000r\000e\000s\000t\000s\000\040\000p\000a\000r\000a\000\040\000C\000l\000a\000s\000i\000f\000i\000c\000a\000c\000i\000\363\000n\000\040\000y\000\040\000R\000e\000g\000r\000e\000s\000i\000\363\000n}{section.5.4}% 20
\BOOKMARK [2][-]{subsection.5.4.4}{\376\377\000A\000p\000l\000i\000c\000a\000c\000i\000o\000n\000e\000s\000\040\000d\000e\000\040\000R\000a\000n\000d\000o\000m\000\040\000F\000o\000r\000e\000s\000t\000s\000\040\000e\000n\000\040\000G\000e\000o\000f\000\355\000s\000i\000c\000a}{section.5.4}% 21
\BOOKMARK [0][-]{chapter.6}{\376\377\000R\000E\000S\000U\000L\000T\000A\000D\000O\000S\000\040\000Y\000\040\000C\000O\000N\000C\000L\000U\000S\000I\000O\000N\000E\000S}{}% 22
\BOOKMARK [0][-]{appendix.Alph1}{\376\377\000A\000p\000\351\000n\000d\000i\000c\000e\000\040\000I}{}% 23
