This is pdfTeX, Version 3.141592653-2.6-1.40.29 (MiKTeX 26.2) (preloaded format=pdflatex 2026.4.16)  30 MAY 2026 17:56
entering extended mode
 restricted \write18 enabled.
 %&-line parsing enabled.
**./MiTesis.tex
(MiTesis.tex
LaTeX2e <2025-11-01>
L3 programming layer <2026-03-20>
(uanl.cls
Document Class: uanl 
(C:\Users\juanj\AppData\Local\Programs\MiKTeX\tex/latex/base\book.cls
Document Class: book 2025/01/22 v1.4n Standard LaTeX document class
(C:\Users\juanj\AppData\Local\Programs\MiKTeX\tex/latex/base\bk12.clo
File: bk12.clo 2025/01/22 v1.4n Standard LaTeX file (size option)
)
\c@part=\count275
\c@chapter=\count276
\c@section=\count277
\c@subsection=\count278
\c@subsubsection=\count279
\c@paragraph=\count280
\c@subparagraph=\count281
\c@figure=\count282
\c@table=\count283
\abovecaptionskip=\skip49
\belowcaptionskip=\skip50
\bibindent=\dimen150
)
(C:\Users\juanj\AppData\Local\Programs\MiKTeX\tex/generic/babel\babel.sty
Package: babel 2026/03/24 v26.5 The multilingual framework for LuaLaTeX, pdfLaT
eX and XeLaTeX
\babel@savecnt=\count284
LaTeX Encoding Info:    Redeclaring text command \ij (encoding OT1) on input li
ne 2078.
LaTeX Encoding Info:    Redeclaring text command \IJ (encoding OT1) on input li
ne 2080.
LaTeX Encoding Info:    Redeclaring text command \ij (encoding T1) on input lin
e 2082.
LaTeX Encoding Info:    Redeclaring text command \IJ (encoding T1) on input lin
e 2083.
LaTeX Encoding Info:    Ignoring declaration for text command \ij (encoding ?) 
on input line 2084.
LaTeX Encoding Info:    Ignoring declaration for text command \IJ (encoding ?) 
on input line 2086.
LaTeX Encoding Info:    Ignoring declaration for text command \SS (encoding ?) 
on input line 2111.
\U@D=\dimen151
\l@unhyphenated=\language79

(C:\Users\juanj\AppData\Local\Programs\MiKTeX\tex/generic/babel\txtbabel.def)
\bbl@readstream=\read2
\bbl@dirlevel=\count285
Package babel Info: Configuration files are deprecated, as
(babel)             they can break document portability.
(babel)             Reported on input line 4206.

*************************************
* Local config file bblopts.cfg used
*
(C:\Users\juanj\AppData\Local\Programs\MiKTeX\tex/latex/arabi\bblopts.cfg
File: bblopts.cfg 2005/09/08 v0.1 add Arabic and Farsi to "declared" options of
 babel
)
(C:\Users\juanj\AppData\Local\Programs\MiKTeX\tex/generic/babel/locale/es\babel
-spanish.tex)
Package babel Info: Importing font and identification data for spanish
(babel)             from babel-es.ini. Reported on input line 4330.

(C:\Users\juanj\AppData\Local\Programs\MiKTeX\tex/latex/babel-spanish\spanish.l
df
Language: spanish.ldf 2021/05/27 v5.0q Spanish support from the babel system
\es@quottoks=\toks17
\es@quotdepth=\count286
Package babel Info: Making " an active character on input line 570.
Package babel Info: Making . an active character on input line 675.
Package babel Info: Making < an active character on input line 722.
Package babel Info: Making > an active character on input line 722.
))
LaTeX Encoding Info:    Redeclaring text command \guillemotleft (encoding OT1) 
on input line 12.
LaTeX Encoding Info:    Redeclaring text command \guillemotright (encoding OT1)
 on input line 12.
 (C:\Users\juanj\AppData\Local\Programs\MiKTeX\tex/latex/base\inputenc.sty
Package: inputenc 2024/02/08 v1.3d Input encoding file
\inpenc@prehook=\toks18
\inpenc@posthook=\toks19
) (C:\Users\juanj\AppData\Local\Programs\MiKTeX\tex/latex/natbib\natbib.sty
Package: natbib 2010/09/13 8.31b (PWD, AO)
\bibhang=\skip51
\bibsep=\skip52
LaTeX Info: Redefining \cite on input line 694.
\c@NAT@ctr=\count287
)
(C:\Users\juanj\AppData\Local\Programs\MiKTeX\tex/latex/amsmath\amsmath.sty
Package: amsmath 2025/07/09 v2.17z AMS math features
\@mathmargin=\skip53

For additional information on amsmath, use the `?' option.
(C:\Users\juanj\AppData\Local\Programs\MiKTeX\tex/latex/amsmath\amstext.sty
Package: amstext 2024/11/17 v2.01 AMS text

(C:\Users\juanj\AppData\Local\Programs\MiKTeX\tex/latex/amsmath\amsgen.sty
File: amsgen.sty 1999/11/30 v2.0 generic functions
\@emptytoks=\toks20
\ex@=\dimen152
))
(C:\Users\juanj\AppData\Local\Programs\MiKTeX\tex/latex/amsmath\amsbsy.sty
Package: amsbsy 1999/11/29 v1.2d Bold Symbols
\pmbraise@=\dimen153
)
(C:\Users\juanj\AppData\Local\Programs\MiKTeX\tex/latex/amsmath\amsopn.sty
Package: amsopn 2022/04/08 v2.04 operator names
)
\inf@bad=\count288
LaTeX Info: Redefining \frac on input line 233.
\uproot@=\count289
\leftroot@=\count290
LaTeX Info: Redefining \overline on input line 398.
LaTeX Info: Redefining \colon on input line 409.
\classnum@=\count291
\DOTSCASE@=\count292
LaTeX Info: Redefining \ldots on input line 495.
LaTeX Info: Redefining \dots on input line 498.
LaTeX Info: Redefining \cdots on input line 619.
\Mathstrutbox@=\box53
\strutbox@=\box54
LaTeX Info: Redefining \big on input line 721.
LaTeX Info: Redefining \Big on input line 722.
LaTeX Info: Redefining \bigg on input line 723.
LaTeX Info: Redefining \Bigg on input line 724.
\big@size=\dimen154
LaTeX Font Info:    Redeclaring font encoding OML on input line 742.
LaTeX Font Info:    Redeclaring font encoding OMS on input line 743.
\macc@depth=\count293
LaTeX Info: Redefining \bmod on input line 904.
LaTeX Info: Redefining \pmod on input line 909.
LaTeX Info: Redefining \smash on input line 939.
LaTeX Info: Redefining \relbar on input line 969.
LaTeX Info: Redefining \Relbar on input line 970.
\c@MaxMatrixCols=\count294
\dotsspace@=\muskip17
\c@parentequation=\count295
\dspbrk@lvl=\count296
\tag@help=\toks21
\row@=\count297
\column@=\count298
\maxfields@=\count299
\andhelp@=\toks22
\eqnshift@=\dimen155
\alignsep@=\dimen156
\tagshift@=\dimen157
\tagwidth@=\dimen158
\totwidth@=\dimen159
\lineht@=\dimen160
\@envbody=\toks23
\multlinegap=\skip54
\multlinetaggap=\skip55
\mathdisplay@stack=\toks24
LaTeX Info: Redefining \[ on input line 2950.
LaTeX Info: Redefining \] on input line 2951.
)
(C:\Users\juanj\AppData\Local\Programs\MiKTeX\tex/latex/amsfonts\amsfonts.sty
Package: amsfonts 2013/01/14 v3.01 Basic AMSFonts support
\symAMSa=\mathgroup4
\symAMSb=\mathgroup5
LaTeX Font Info:    Redeclaring math symbol \hbar on input line 98.
LaTeX Font Info:    Overwriting math alphabet `\mathfrak' in version `bold'
(Font)                  U/euf/m/n --> U/euf/b/n on input line 106.
)
(C:\Users\juanj\AppData\Local\Programs\MiKTeX\tex/latex/amsfonts\amssymb.sty
Package: amssymb 2013/01/14 v3.01 AMS font symbols
)
(C:\Users\juanj\AppData\Local\Programs\MiKTeX\tex/latex/graphics\graphicx.sty
Package: graphicx 2024/12/31 v1.2e Enhanced LaTeX Graphics (DPC,SPQR)

(C:\Users\juanj\AppData\Local\Programs\MiKTeX\tex/latex/graphics\keyval.sty
Package: keyval 2022/05/29 v1.15 key=value parser (DPC)
\KV@toks@=\toks25
)
(C:\Users\juanj\AppData\Local\Programs\MiKTeX\tex/latex/graphics\graphics.sty
Package: graphics 2024/08/06 v1.4g Standard LaTeX Graphics (DPC,SPQR)

(C:\Users\juanj\AppData\Local\Programs\MiKTeX\tex/latex/graphics\trig.sty
Package: trig 2023/12/02 v1.11 sin cos tan (DPC)
)
(C:\Users\juanj\AppData\Local\Programs\MiKTeX\tex/latex/graphics-cfg\graphics.c
fg
File: graphics.cfg 2016/06/04 v1.11 sample graphics configuration
)
Package graphics Info: Driver file: pdftex.def on input line 106.

(C:\Users\juanj\AppData\Local\Programs\MiKTeX\tex/latex/graphics-def\pdftex.def
File: pdftex.def 2025/09/29 v1.2d Graphics/color driver for pdftex
))
\Gin@req@height=\dimen161
\Gin@req@width=\dimen162
)
(C:\Users\juanj\AppData\Local\Programs\MiKTeX\tex/latex/titlesec\titlesec.sty
Package: titlesec 2025/01/04 v2.17 Sectioning titles
\ttl@box=\box55
\beforetitleunit=\skip56
\aftertitleunit=\skip57
\ttl@plus=\dimen163
\ttl@minus=\dimen164
\ttl@toksa=\toks26
\titlewidth=\dimen165
\titlewidthlast=\dimen166
\titlewidthfirst=\dimen167

(C:\Users\juanj\AppData\Local\Programs\MiKTeX\tex/latex/titlesec\titleps.sty))
\c@teorema=\count300
) (C:\Users\juanj\AppData\Local\Programs\MiKTeX\tex/latex/xcolor\xcolor.sty
Package: xcolor 2024/09/29 v3.02 LaTeX color extensions (UK)

(C:\Users\juanj\AppData\Local\Programs\MiKTeX\tex/latex/graphics-cfg\color.cfg
File: color.cfg 2016/01/02 v1.6 sample color configuration
)
Package xcolor Info: Driver file: pdftex.def on input line 274.
(C:\Users\juanj\AppData\Local\Programs\MiKTeX\tex/latex/graphics\mathcolor.ltx)
Package xcolor Info: Model `cmy' substituted by `cmy0' on input line 1349.
Package xcolor Info: Model `hsb' substituted by `rgb' on input line 1353.
Package xcolor Info: Model `RGB' extended on input line 1365.
Package xcolor Info: Model `HTML' substituted by `rgb' on input line 1367.
Package xcolor Info: Model `Hsb' substituted by `hsb' on input line 1368.
Package xcolor Info: Model `tHsb' substituted by `hsb' on input line 1369.
Package xcolor Info: Model `HSB' substituted by `hsb' on input line 1370.
Package xcolor Info: Model `Gray' substituted by `gray' on input line 1371.
Package xcolor Info: Model `wave' substituted by `hsb' on input line 1372.
) (C:\Users\juanj\AppData\Local\Programs\MiKTeX\tex/latex/colortbl\colortbl.sty
Package: colortbl 2024/10/29 v1.0k Color table columns (DPC)
(C:\Users\juanj\AppData\Local\Programs\MiKTeX\tex/latex/tools\array.sty
Package: array 2025/09/25 v2.6n Tabular extension package (FMi)
\col@sep=\dimen168
\ar@mcellbox=\box56
\extrarowheight=\dimen169
\NC@list=\toks27
\extratabsurround=\skip58
\backup@length=\skip59
\ar@cellbox=\box57
)
\everycr=\toks28
\minrowclearance=\skip60
\rownum=\count301
)
(C:\Users\juanj\AppData\Local\Programs\MiKTeX\tex/latex/hyperref\hyperref.sty
Package: hyperref 2026-01-29 v7.01p Hypertext links for LaTeX

(C:\Users\juanj\AppData\Local\Programs\MiKTeX\tex/generic/iftex\iftex.sty
Package: iftex 2024/12/12 v1.0g TeX engine tests
)
(C:\Users\juanj\AppData\Local\Programs\MiKTeX\tex/latex/kvsetkeys\kvsetkeys.sty
Package: kvsetkeys 2022-10-05 v1.19 Key value parser (HO)
)
(C:\Users\juanj\AppData\Local\Programs\MiKTeX\tex/generic/kvdefinekeys\kvdefine
keys.sty
Package: kvdefinekeys 2019-12-19 v1.6 Define keys (HO)
)
(C:\Users\juanj\AppData\Local\Programs\MiKTeX\tex/generic/pdfescape\pdfescape.s
ty
Package: pdfescape 2019/12/09 v1.15 Implements pdfTeX's escape features (HO)

(C:\Users\juanj\AppData\Local\Programs\MiKTeX\tex/generic/ltxcmds\ltxcmds.sty
Package: ltxcmds 2023-12-04 v1.26 LaTeX kernel commands for general use (HO)
)
(C:\Users\juanj\AppData\Local\Programs\MiKTeX\tex/generic/pdftexcmds\pdftexcmds
.sty
Package: pdftexcmds 2020-06-27 v0.33 Utility functions of pdfTeX for LuaTeX (HO
)

(C:\Users\juanj\AppData\Local\Programs\MiKTeX\tex/generic/infwarerr\infwarerr.s
ty
Package: infwarerr 2019/12/03 v1.5 Providing info/warning/error messages (HO)
)
Package pdftexcmds Info: \pdf@primitive is available.
Package pdftexcmds Info: \pdf@ifprimitive is available.
Package pdftexcmds Info: \pdfdraftmode found.
))
(C:\Users\juanj\AppData\Local\Programs\MiKTeX\tex/latex/hycolor\hycolor.sty
Package: hycolor 2020-01-27 v1.10 Color options for hyperref/bookmark (HO)
)
(C:\Users\juanj\AppData\Local\Programs\MiKTeX\tex/latex/hyperref\nameref.sty
Package: nameref 2026-01-29 v2.58 Cross-referencing by name of section

(C:\Users\juanj\AppData\Local\Programs\MiKTeX\tex/latex/refcount\refcount.sty
Package: refcount 2019/12/15 v3.6 Data extraction from label references (HO)
)
(C:\Users\juanj\AppData\Local\Programs\MiKTeX\tex/generic/gettitlestring\gettit
lestring.sty
Package: gettitlestring 2019/12/15 v1.6 Cleanup title references (HO)

(C:\Users\juanj\AppData\Local\Programs\MiKTeX\tex/latex/kvoptions\kvoptions.sty
Package: kvoptions 2022-06-15 v3.15 Key value format for package options (HO)
))
\c@section@level=\count302
)
(C:\Users\juanj\AppData\Local\Programs\MiKTeX\tex/latex/etoolbox\etoolbox.sty
Package: etoolbox 2025/10/02 v2.5m e-TeX tools for LaTeX (JAW)
\etb@tempcnta=\count303
)
(C:\Users\juanj\AppData\Local\Programs\MiKTeX\tex/generic/stringenc\stringenc.s
ty
Package: stringenc 2019/11/29 v1.12 Convert strings between diff. encodings (HO
)
)
\@linkdim=\dimen170
\Hy@linkcounter=\count304
\Hy@pagecounter=\count305
 (C:\Users\juanj\AppData\Local\Programs\MiKTeX\tex/latex/hyperref\pd1enc.def
File: pd1enc.def 2026-01-29 v7.01p Hyperref: PDFDocEncoding definition (HO)
Now handling font encoding PD1 ...
... no UTF-8 mapping file for font encoding PD1
) (C:\Users\juanj\AppData\Local\Programs\MiKTeX\tex/generic/intcalc\intcalc.sty
Package: intcalc 2019/12/15 v1.3 Expandable calculations with integers (HO)
)
\Hy@SavedSpaceFactor=\count306
 (C:\Users\juanj\AppData\Local\Programs\MiKTeX\tex/latex/hyperref\puenc.def
File: puenc.def 2026-01-29 v7.01p Hyperref: PDF Unicode definition (HO)
Now handling font encoding PU ...
... no UTF-8 mapping file for font encoding PU
)
Package hyperref Info: Hyper figures OFF on input line 4201.
Package hyperref Info: Link nesting OFF on input line 4206.
Package hyperref Info: Hyper index ON on input line 4209.
Package hyperref Info: Plain pages OFF on input line 4216.
Package hyperref Info: Backreferencing OFF on input line 4221.
Package hyperref Info: Implicit mode ON; LaTeX internals redefined.
Package hyperref Info: Bookmarks ON on input line 4468.
\c@Hy@tempcnt=\count307

(C:\Users\juanj\AppData\Local\Programs\MiKTeX\tex/latex/url\url.sty
\Urlmuskip=\muskip18
Package: url 2013/09/16  ver 3.4  Verb mode for urls, etc.
)
LaTeX Info: Redefining \url on input line 4807.
\XeTeXLinkMargin=\dimen171

(C:\Users\juanj\AppData\Local\Programs\MiKTeX\tex/generic/bitset\bitset.sty
Package: bitset 2019/12/09 v1.3 Handle bit-vector datatype (HO)

(C:\Users\juanj\AppData\Local\Programs\MiKTeX\tex/generic/bigintcalc\bigintcalc
.sty
Package: bigintcalc 2019/12/15 v1.5 Expandable calculations on big integers (HO
)
))
\Fld@menulength=\count308
\Field@Width=\dimen172
\Fld@charsize=\dimen173
Package hyperref Info: Hyper figures OFF on input line 6084.
Package hyperref Info: Link nesting OFF on input line 6089.
Package hyperref Info: Hyper index ON on input line 6092.
Package hyperref Info: backreferencing OFF on input line 6099.
Package hyperref Info: Link coloring OFF on input line 6104.
Package hyperref Info: Link coloring with OCG OFF on input line 6109.
Package hyperref Info: PDF/A mode OFF on input line 6114.
\Hy@abspage=\count309
\c@Item=\count310
\c@Hfootnote=\count311
)
Package hyperref Info: Driver (autodetected): hpdftex.

(C:\Users\juanj\AppData\Local\Programs\MiKTeX\tex/latex/hyperref\hpdftex.def
File: hpdftex.def 2026-01-29 v7.01p Hyperref driver for pdfTeX
\Fld@listcount=\count312
\c@bookmark@seq@number=\count313

(C:\Users\juanj\AppData\Local\Programs\MiKTeX\tex/latex/rerunfilecheck\rerunfil
echeck.sty
Package: rerunfilecheck 2025-06-21 v1.11 Rerun checks for auxiliary files (HO)

(C:\Users\juanj\AppData\Local\Programs\MiKTeX\tex/generic/uniquecounter\uniquec
ounter.sty
Package: uniquecounter 2019/12/15 v1.4 Provide unlimited unique counter (HO)
)
Package uniquecounter Info: New unique counter `rerunfilecheck' on input line 2
84.
)
\Hy@SectionHShift=\skip61
)
Package hyperref Info: Option `breaklinks' set `true' on input line 14.
Package hyperref Info: Option `colorlinks' set `true' on input line 14.

(C:\Users\juanj\AppData\Local\Programs\MiKTeX\tex/latex/booktabs\booktabs.sty
Package: booktabs 2020/01/12 v1.61803398 Publication quality tables
\heavyrulewidth=\dimen174
\lightrulewidth=\dimen175
\cmidrulewidth=\dimen176
\belowrulesep=\dimen177
\belowbottomsep=\dimen178
\aboverulesep=\dimen179
\abovetopsep=\dimen180
\cmidrulesep=\dimen181
\cmidrulekern=\dimen182
\defaultaddspace=\dimen183
\@cmidla=\count314
\@cmidlb=\count315
\@aboverulesep=\dimen184
\@belowrulesep=\dimen185
\@thisruleclass=\count316
\@lastruleclass=\count317
\@thisrulewidth=\dimen186
)
(C:\Users\juanj\AppData\Local\Programs\MiKTeX\tex/latex/caption\caption.sty
Package: caption 2023/08/05 v3.6o Customizing captions (AR)

(C:\Users\juanj\AppData\Local\Programs\MiKTeX\tex/latex/caption\caption3.sty
Package: caption3 2023/07/31 v2.4d caption3 kernel (AR)
\caption@tempdima=\dimen187
\captionmargin=\dimen188
\caption@leftmargin=\dimen189
\caption@rightmargin=\dimen190
\caption@width=\dimen191
\caption@indent=\dimen192
\caption@parindent=\dimen193
\caption@hangindent=\dimen194
Package caption Info: Standard document class detected.
)
\c@caption@flags=\count318
\c@continuedfloat=\count319
Package caption Info: hyperref package is loaded.
)
(C:\Users\juanj\AppData\Local\Programs\MiKTeX\tex/latex/siunitx\siunitx.sty
Package: siunitx 2026-04-09 v3.5.3 A comprehensive (SI) units package
\l__siunitx_number_uncert_offset_int=\count320
\l__siunitx_number_exponent_fixed_int=\count321
\l__siunitx_number_min_decimal_int=\count322
\l__siunitx_number_min_integer_int=\count323
\l__siunitx_number_round_precision_int=\count324
\l__siunitx_number_lower_threshold_int=\count325
\l__siunitx_number_upper_threshold_int=\count326
\l__siunitx_number_group_first_int=\count327
\l__siunitx_number_group_size_int=\count328
\l__siunitx_number_group_min_int=\count329
\l__siunitx_number_group_minimum_int=\count330
\l__siunitx_compound_count_int=\count331

(C:\Users\juanj\AppData\Local\Programs\MiKTeX\tex/latex/translations\translatio
ns.sty
Package: translations 2022/02/05 v1.12 internationalization of LaTeX2e packages
 (CN)
)
\l__siunitx_table_tmp_box=\box58
\l__siunitx_table_tmp_dim=\dimen195
\l__siunitx_table_column_width_dim=\dimen196
\l__siunitx_table_integer_box=\box59
\l__siunitx_table_decimal_box=\box60
\l__siunitx_table_uncert_box=\box61
\l__siunitx_table_before_box=\box62
\l__siunitx_table_after_box=\box63
\l__siunitx_table_before_dim=\dimen197
\l__siunitx_table_carry_dim=\dimen198
\l__siunitx_unit_tmp_int=\count332
\l__siunitx_unit_position_int=\count333
\l__siunitx_unit_total_int=\count334
\l__siunitx_sexagesimal_tmp_dim=\dimen199
\l__siunitx_sexagesimal_marker_box=\box64
\l__siunitx_sexagesimal_unit_box=\box65
)
(C:\Users\juanj\AppData\Local\Programs\MiKTeX\tex/latex/multirow\multirow.sty
Package: multirow 2024/11/12 v2.9 Span multiple rows of a table
\multirow@colwidth=\skip62
\multirow@cntb=\count335
\multirow@dima=\skip63
\bigstrutjot=\dimen256
)
(C:\Users\juanj\AppData\Local\Programs\MiKTeX\tex/latex/l3backend\l3backend-pdf
tex.def
File: l3backend-pdftex.def 2026-02-18 L3 backend support: PDF output (pdfTeX)
\l__color_backend_stack_int=\count336
) (MiTesis.aux (Capitulos/Portadas.aux)
LaTeX Info: Redefining \. on input line 12.
LaTeX Info: Redefining \% on input line 12.
Package babel Info: 'spanish' activates 'spanish' shorthands.
(babel)             Reported on input line 12.
 (Capitulos/Dedicatoria.aux)
(Capitulos/Agradecimientos.aux) (Capitulos/Capitulo1.aux)
(Capitulos/Capitulo2.aux) (Capitulos/Capitulo3.aux) (Capitulos/Capitulo4.aux)
(Capitulos/Capitulo-5.aux) (Capitulos/Capitulo6.aux) (Capitulos/Capitulo7.aux)
(Capitulos/Apendice1.aux))
\openout1 = `MiTesis.aux'.

LaTeX Font Info:    Checking defaults for OML/cmm/m/it on input line 63.
LaTeX Font Info:    ... okay on input line 63.
LaTeX Font Info:    Checking defaults for OMS/cmsy/m/n on input line 63.
LaTeX Font Info:    ... okay on input line 63.
LaTeX Font Info:    Checking defaults for OT1/cmr/m/n on input line 63.
LaTeX Font Info:    ... okay on input line 63.
LaTeX Font Info:    Checking defaults for T1/cmr/m/n on input line 63.
LaTeX Font Info:    ... okay on input line 63.
LaTeX Font Info:    Checking defaults for TS1/cmr/m/n on input line 63.
LaTeX Font Info:    ... okay on input line 63.
LaTeX Font Info:    Checking defaults for OMX/cmex/m/n on input line 63.
LaTeX Font Info:    ... okay on input line 63.
LaTeX Font Info:    Checking defaults for U/cmr/m/n on input line 63.
LaTeX Font Info:    ... okay on input line 63.
LaTeX Font Info:    Checking defaults for PD1/pdf/m/n on input line 63.
LaTeX Font Info:    ... okay on input line 63.
LaTeX Font Info:    Checking defaults for PU/pdf/m/n on input line 63.
LaTeX Font Info:    ... okay on input line 63.
LaTeX Info: Redefining \. on input line 63.
LaTeX Info: Redefining \% on input line 63.

(C:\Users\juanj\AppData\Local\Programs\MiKTeX\tex/context/base/mkii\supp-pdf.mk
ii
[Loading MPS to PDF converter (version 2006.09.02).]
\scratchcounter=\count337
\scratchdimen=\dimen257
\scratchbox=\box66
\nofMPsegments=\count338
\nofMParguments=\count339
\everyMPshowfont=\toks29
\MPscratchCnt=\count340
\MPscratchDim=\dimen258
\MPnumerator=\count341
\makeMPintoPDFobject=\count342
\everyMPtoPDFconversion=\toks30
)
(C:\Users\juanj\AppData\Local\Programs\MiKTeX\tex/latex/epstopdf-pkg\epstopdf-b
ase.sty
Package: epstopdf-base 2020-01-24 v2.11 Base part for package epstopdf
Package epstopdf-base Info: Redefining graphics rule for `.eps' on input line 4
85.

(C:\Users\juanj\AppData\Local\Programs\MiKTeX\tex/latex/00miktex\epstopdf-sys.c
fg
File: epstopdf-sys.cfg 2021/03/18 v2.0 Configuration of epstopdf for MiKTeX
))
Package hyperref Info: Link coloring ON on input line 63.
 (MiTesis.out) (MiTesis.out)
\@outlinefile=\write3
\openout3 = `MiTesis.out'.

Package caption Info: Begin \AtBeginDocument code.
Package caption Info: End \AtBeginDocument code.

(C:\Users\juanj\AppData\Local\Programs\MiKTeX\tex/latex/translations/dicts\tran
slations-basic-dictionary-spanish.trsl
File: translations-basic-dictionary-spanish.trsl (spanish translation file `tra
nslations-basic-dictionary')
)
Package translations Info: loading dictionary `translations-basic-dictionary' f
or `spanish'. on input line 63.
\openout2 = `Capitulos/Portadas.aux'.

 (Capitulos/Portadas.tex
<Figuras/uanl.png, id=203, 464.6961pt x 469.755pt>
File: Figuras/uanl.png Graphic file (type png)
<use Figuras/uanl.png>
Package pdftex.def Info: Figuras/uanl.png  used on input line 12.
(pdftex.def)             Requested size: 154.80377pt x 156.49014pt.
LaTeX Font Info:    Trying to load font information for U+msa on input line 14.


(C:\Users\juanj\AppData\Local\Programs\MiKTeX\tex/latex/amsfonts\umsa.fd
File: umsa.fd 2013/01/14 v3.01 AMS symbols A
)
LaTeX Font Info:    Trying to load font information for U+msb on input line 14.


(C:\Users\juanj\AppData\Local\Programs\MiKTeX\tex/latex/amsfonts\umsb.fd
File: umsb.fd 2013/01/14 v3.01 AMS symbols B
)
[1



{C:/Users/juanj/AppData/Local/MiKTeX/fonts/map/pdftex/pdftex.map} <./Figuras/ua
nl.png>]
LaTeX Font Info:    Trying to load font information for U+lasy on input line 54
.

(C:\Users\juanj\AppData\Local\Programs\MiKTeX\tex/latex/base\ulasy.fd
File: ulasy.fd 1998/08/17 v2.2e LaTeX symbol font definitions
)
Overfull \hbox (28.59856pt too wide) in paragraph at lines 62--91
 [][] 
 []

) [2]
\openout2 = `Capitulos/Dedicatoria.aux'.

 (Capitulos/Dedicatoria.tex) [3



] (MiTesis.toc
LaTeX Info: Redefining \. on input line 1.
LaTeX Info: Redefining \% on input line 1.


LaTeX Font Warning: Font shape `OT1/cmr/bx/sc' undefined
(Font)              using `OT1/cmr/bx/n' instead on input line 2.


Package spanish Warning: Replacing `OT1/cmr/bx/sc' by 
(spanish)                faked small caps on input line 2.

[4



]
Overfull \vbox (11.36665pt too high) has occurred while \output is active []


[5])
\tf@toc=\write4
\openout4 = `MiTesis.toc'.


Overfull \vbox (11.36665pt too high) has occurred while \output is active []


[6] (MiTesis.lof
LaTeX Info: Redefining \. on input line 1.
LaTeX Info: Redefining \% on input line 1.
 [7

])
\tf@lof=\write5
\openout5 = `MiTesis.lof'.


Overfull \vbox (11.36665pt too high) has occurred while \output is active []


[8] (MiTesis.lot
LaTeX Info: Redefining \. on input line 1.
LaTeX Info: Redefining \% on input line 1.
)
\tf@lot=\write6
\openout6 = `MiTesis.lot'.

 [9

]
\openout2 = `Capitulos/Agradecimientos.aux'.

 (Capitulos/Agradecimientos.tex) [10


]
\openout2 = `Capitulos/Capitulo1.aux'.


(Capitulos/Capitulo1.tex
Cap\'{\i }tulo 1.
[1





]
Overfull \vbox (11.36665pt too high) has occurred while \output is active []


[2])
Overfull \vbox (11.36665pt too high) has occurred while \output is active []


[3]
\openout2 = `Capitulos/Capitulo2.aux'.

 (Capitulos/Capitulo2.tex
Cap\'{\i }tulo 2.
) [4




]
\openout2 = `Capitulos/Capitulo3.aux'.

 (Capitulos/Capitulo3.tex
Cap\'{\i }tulo 3.
[5




])
Overfull \vbox (11.36665pt too high) has occurred while \output is active []


[6]
\openout2 = `Capitulos/Capitulo4.aux'.

 (Capitulos/Capitulo4.tex
Cap\'{\i }tulo 4.
) [7




]
\openout2 = `Capitulos/Capitulo-5.aux'.

 (Capitulos/Capitulo-5.tex
Cap\'{\i }tulo 5.
[8




]
Underfull \hbox (badness 10000) in paragraph at lines 13--14

 []

<Imagenes/estructura-oro.png, id=436, 425.11765pt x 420.15794pt>
File: Imagenes/estructura-oro.png Graphic file (type png)
<use Imagenes/estructura-oro.png>
Package pdftex.def Info: Imagenes/estructura-oro.png  used on input line 17.
(pdftex.def)             Requested size: 142.26378pt x 140.60152pt.

Overfull \vbox (11.36665pt too high) has occurred while \output is active []


[9 <./Imagenes/estructura-oro.png>]
Underfull \hbox (badness 10000) in paragraph at lines 34--35

 []


Overfull \vbox (11.36665pt too high) has occurred while \output is active []


[10]
<Imagenes/ArregloElectrodos.png, id=465, 576.74294pt x 298.29088pt>
File: Imagenes/ArregloElectrodos.png Graphic file (type png)
<use Imagenes/ArregloElectrodos.png>
Package pdftex.def Info: Imagenes/ArregloElectrodos.png  used on input line 38.

(pdftex.def)             Requested size: 256.0748pt x 132.44543pt.

Overfull \vbox (11.36665pt too high) has occurred while \output is active []


[11 <./Imagenes/ArregloElectrodos.png>]
<Imagenes/5.png, id=492, 637.63219pt x 608.2725pt>
File: Imagenes/5.png Graphic file (type png)
<use Imagenes/5.png>
Package pdftex.def Info: Imagenes/5.png  used on input line 73.
(pdftex.def)             Requested size: 369.88582pt x 352.85399pt.


LaTeX Warning: `!h' float specifier changed to `!ht'.


Overfull \vbox (11.36665pt too high) has occurred while \output is active []


[12]
<Imagenes/1.png, id=508, 511.15968pt x 48.18pt>
File: Imagenes/1.png Graphic file (type png)
<use Imagenes/1.png>
Package pdftex.def Info: Imagenes/1.png  used on input line 88.
(pdftex.def)             Requested size: 256.0748pt x 24.13623pt.
<Imagenes/2.png, id=511, 522.45187pt x 68.50594pt>
File: Imagenes/2.png Graphic file (type png)
<use Imagenes/2.png>
Package pdftex.def Info: Imagenes/2.png  used on input line 101.
(pdftex.def)             Requested size: 256.0748pt x 33.5776pt.


LaTeX Warning: `!h' float specifier changed to `!ht'.

<Imagenes/3.png, id=514, 532.99126pt x 37.64063pt>
File: Imagenes/3.png Graphic file (type png)
<use Imagenes/3.png>
Package pdftex.def Info: Imagenes/3.png  used on input line 114.
(pdftex.def)             Requested size: 256.0748pt x 18.0845pt.

LaTeX Warning: `!h' float specifier changed to `!ht'.


Overfull \vbox (11.36665pt too high) has occurred while \output is active []


[13 <./Imagenes/5.png> <./Imagenes/1.png>]
Overfull \vbox (11.36665pt too high) has occurred while \output is active []


[14 <./Imagenes/2.png> <./Imagenes/3.png>]
Overfull \vbox (11.36665pt too high) has occurred while \output is active []


[15]
Overfull \vbox (11.36665pt too high) has occurred while \output is active []


[16]

Package siunitx Info: Option "table-align-text-post" has been deprecated in
(siunitx)             this release.
(siunitx)             
(siunitx)             Use "table-align-text-after = false" as a replacement.


Overfull \hbox (5.87494pt too wide) detected at line 220
 
 []


Overfull \hbox (5.87494pt too wide) detected at line 220
 
 []


Overfull \hbox (5.87494pt too wide) detected at line 220
 
 []


Overfull \hbox (5.87494pt too wide) detected at line 220
 
 []


Overfull \hbox (5.87494pt too wide) detected at line 220
 
 []


Overfull \hbox (5.87494pt too wide) detected at line 220
 
 []


Overfull \vbox (11.36665pt too high) has occurred while \output is active []


[17]
Overfull \vbox (11.36665pt too high) has occurred while \output is active []


[18]
Overfull \vbox (11.36665pt too high) has occurred while \output is active []


[19]
Overfull \vbox (11.36665pt too high) has occurred while \output is active []


[20]
Overfull \vbox (11.36665pt too high) has occurred while \output is active []


[21]
Overfull \vbox (11.36665pt too high) has occurred while \output is active []


[22]
Overfull \vbox (11.36665pt too high) has occurred while \output is active []


[23]
Overfull \vbox (11.36665pt too high) has occurred while \output is active []


[24]
Overfull \vbox (11.36665pt too high) has occurred while \output is active []


[25]
Overfull \vbox (11.36665pt too high) has occurred while \output is active []


[26]
Overfull \vbox (11.36665pt too high) has occurred while \output is active []


[27]
Overfull \vbox (11.36665pt too high) has occurred while \output is active []


[28]

Package hyperref Warning: Token not allowed in a PDF string (Unicode):
(hyperref)                removing `math shift' on input line 470.


Package hyperref Warning: Token not allowed in a PDF string (Unicode):
(hyperref)                removing `superscript' on input line 470.


Package hyperref Warning: Token not allowed in a PDF string (Unicode):
(hyperref)                removing `math shift' on input line 470.


Overfull \vbox (11.36665pt too high) has occurred while \output is active []


[29]
Overfull \vbox (11.36665pt too high) has occurred while \output is active []


[30]
Overfull \vbox (11.36665pt too high) has occurred while \output is active []


[31])
Overfull \vbox (11.36665pt too high) has occurred while \output is active []


[32]
\openout2 = `Capitulos/Capitulo6.aux'.

 (Capitulos/Capitulo6.tex
Cap\'{\i }tulo 6.
[33




]
Overfull \vbox (11.36665pt too high) has occurred while \output is active []


[34]
Underfull \hbox (badness 10000) in paragraph at lines 94--95

 []

<Imagenes/6.png, id=767, 859.2903pt x 426.393pt>
File: Imagenes/6.png Graphic file (type png)
<use Imagenes/6.png>
Package pdftex.def Info: Imagenes/6.png  used on input line 99.
(pdftex.def)             Requested size: 426.79134pt x 211.77762pt.

Overfull \vbox (11.36665pt too high) has occurred while \output is active []


[35

 <./Imagenes/6.png>]
<Imagenes/7.png, id=774, 859.2903pt x 426.393pt>
File: Imagenes/7.png Graphic file (type png)
<use Imagenes/7.png>
Package pdftex.def Info: Imagenes/7.png  used on input line 110.
(pdftex.def)             Requested size: 426.79134pt x 211.77762pt.
<Imagenes/8.png, id=777, 855.6768pt x 854.9541pt>
File: Imagenes/8.png Graphic file (type png)
<use Imagenes/8.png>
Package pdftex.def Info: Imagenes/8.png  used on input line 121.
(pdftex.def)             Requested size: 426.79134pt x 426.43236pt.


LaTeX Warning: `!h' float specifier changed to `!ht'.


Overfull \vbox (11.36665pt too high) has occurred while \output is active []


[36

 <./Imagenes/7.png>]
<Imagenes/9.png, id=784, 855.6768pt x 1144.7568pt>
File: Imagenes/9.png Graphic file (type png)
<use Imagenes/9.png>
Package pdftex.def Info: Imagenes/9.png  used on input line 130.
(pdftex.def)             Requested size: 426.79134pt x 570.9796pt.


LaTeX Warning: `!h' float specifier changed to `!ht'.


Overfull \vbox (11.36665pt too high) has occurred while \output is active []


[37 <./Imagenes/8.png>]

LaTeX Warning: Text page 38 contains only floats.


Overfull \vbox (11.36665pt too high) has occurred while \output is active []


[38 <./Imagenes/9.png>]
<Imagenes/PCA-Analisis_Componentes_Principales.png, id=795, 613.5723pt x 341.83
71pt>
File: Imagenes/PCA-Analisis_Componentes_Principales.png Graphic file (type png)

<use Imagenes/PCA-Analisis_Componentes_Principales.png>
Package pdftex.def Info: Imagenes/PCA-Analisis_Componentes_Principales.png  use
d on input line 149.
(pdftex.def)             Requested size: 426.79134pt x 237.77689pt.

Overfull \vbox (11.36665pt too high) has occurred while \output is active []


[39 <./Imagenes/PCA-Analisis_Componentes_Principales.png>]
<Imagenes/MC-DI.png, id=810, 675.0018pt x 566.5968pt>
File: Imagenes/MC-DI.png Graphic file (type png)
<use Imagenes/MC-DI.png>
Package pdftex.def Info: Imagenes/MC-DI.png  used on input line 158.
(pdftex.def)             Requested size: 426.79134pt x 358.24606pt.

Overfull \vbox (11.36665pt too high) has occurred while \output is active []


[40 <./Imagenes/MC-DI.png>]
Overfull \vbox (11.36665pt too high) has occurred while \output is active []


[41]
Overfull \vbox (11.36665pt too high) has occurred while \output is active []


[42]
<Imagenes/12.png, id=835, 613.5723pt x 286.1892pt>
File: Imagenes/12.png Graphic file (type png)
<use Imagenes/12.png>
Package pdftex.def Info: Imagenes/12.png  used on input line 248.
(pdftex.def)             Requested size: 426.79134pt x 199.06902pt.


LaTeX Warning: `!h' float specifier changed to `!ht'.

<Imagenes/10.png, id=836, 613.5723pt x 286.1892pt>
File: Imagenes/10.png Graphic file (type png)
<use Imagenes/10.png>
Package pdftex.def Info: Imagenes/10.png  used on input line 255.
(pdftex.def)             Requested size: 426.79134pt x 199.06902pt.

LaTeX Warning: `!h' float specifier changed to `!ht'.

<Imagenes/11.png, id=837, 630.1944pt x 286.1892pt>
File: Imagenes/11.png Graphic file (type png)
<use Imagenes/11.png>
Package pdftex.def Info: Imagenes/11.png  used on input line 262.
(pdftex.def)             Requested size: 426.79134pt x 193.81566pt.

LaTeX Warning: `!h' float specifier changed to `!ht'.

<Imagenes/13.png, id=838, 630.9171pt x 286.1892pt>
File: Imagenes/13.png Graphic file (type png)
<use Imagenes/13.png>
Package pdftex.def Info: Imagenes/13.png  used on input line 269.
(pdftex.def)             Requested size: 426.79134pt x 193.5973pt.

LaTeX Warning: `!h' float specifier changed to `!ht'.


Overfull \vbox (11.36665pt too high) has occurred while \output is active []


[43]
Overfull \vbox (11.36665pt too high) has occurred while \output is active []


[44 <./Imagenes/12.png> <./Imagenes/10.png>]
Overfull \vbox (11.36665pt too high) has occurred while \output is active []


[45 <./Imagenes/11.png> <./Imagenes/13.png>]

Package natbib Warning: Citation `kohavi1995' on page 46 undefined on input lin
e 286.


Overfull \vbox (11.36665pt too high) has occurred while \output is active []


[46

]
Runaway argument?
{fig:Eva), emplearon los valores de k-pliegues $k=3$ y $k=5$. 
! Paragraph ended before \T@ref was complete.
<to be read again> 
                   \par 
l.291 			
         
I suspect you've forgotten a `}', causing me to apply this
control sequence to too much text. How can we recover?
My plan is to forget the whole thing and hope for the best.


Overfull \hbox (29.11252pt too wide) in paragraph at lines 300--318
 [][] 
 []


Overfull \vbox (11.36665pt too high) has occurred while \output is active []


[47]

Package natbib Warning: Citation `Bergen2019' on page 48 undefined on input lin
e 328.


Package natbib Warning: Citation `Lary2016' on page 48 undefined on input line 
330.


Package natbib Warning: Citation `Belgiu2016' on page 48 undefined on input lin
e 332.


Package natbib Warning: Citation `Friedman2001' on page 48 undefined on input l
ine 332.


Overfull \vbox (11.36665pt too high) has occurred while \output is active []


[48]
Underfull \hbox (badness 10000) in paragraph at lines 338--339

 []

<Imagenes/Vs-Global.png, id=873, 748.7172pt x 973.4769pt>
File: Imagenes/Vs-Global.png Graphic file (type png)
<use Imagenes/Vs-Global.png>
Package pdftex.def Info: Imagenes/Vs-Global.png  used on input line 344.
(pdftex.def)             Requested size: 426.79134pt x 554.91731pt.

LaTeX Warning: `!h' float specifier changed to `!ht'.


Underfull \hbox (badness 10000) in paragraph at lines 349--350

 []

<Imagenes/Metricas-Full.png, id=874, 1077.5457pt x 908.4339pt>
File: Imagenes/Metricas-Full.png Graphic file (type png)
<use Imagenes/Metricas-Full.png>
Package pdftex.def Info: Imagenes/Metricas-Full.png  used on input line 355.
(pdftex.def)             Requested size: 426.79134pt x 359.8047pt.

LaTeX Warning: `!h' float specifier changed to `!ht'.


Overfull \vbox (11.36665pt too high) has occurred while \output is active []


[49]

LaTeX Warning: Text page 50 contains only floats.


Overfull \vbox (7.46109pt too high) has occurred while \output is active []


Overfull \vbox (11.36665pt too high) has occurred while \output is active []


[50 <./Imagenes/Vs-Global.png>]

Package natbib Warning: Citation `Bergen2019' on page 51 undefined on input lin
e 363.


Overfull \vbox (11.36665pt too high) has occurred while \output is active []


[51 <./Imagenes/Metricas-Full.png>]

Package natbib Warning: Citation `Lary2016' on page 52 undefined on input line 
365.


Package natbib Warning: Citation `Belgiu2016' on page 52 undefined on input lin
e 367.


Package natbib Warning: Citation `Friedman2001' on page 52 undefined on input l
ine 367.


Overfull \vbox (11.36665pt too high) has occurred while \output is active []


[52]
<Imagenes/S1-LN-EBSA-RF-T1.png, id=895, 613.5723pt x 393.8715pt>
File: Imagenes/S1-LN-EBSA-RF-T1.png Graphic file (type png)
<use Imagenes/S1-LN-EBSA-RF-T1.png>
Package pdftex.def Info: Imagenes/S1-LN-EBSA-RF-T1.png  used on input line 380.

(pdftex.def)             Requested size: 426.79134pt x 273.97127pt.
<Imagenes/S1-LN-EBSA-GBR-T1.png, id=896, 613.5723pt x 393.8715pt>
File: Imagenes/S1-LN-EBSA-GBR-T1.png Graphic file (type png)
<use Imagenes/S1-LN-EBSA-GBR-T1.png>
Package pdftex.def Info: Imagenes/S1-LN-EBSA-GBR-T1.png  used on input line 387
.
(pdftex.def)             Requested size: 426.79134pt x 273.97127pt.


LaTeX Warning: `!h' float specifier changed to `!ht'.

<Imagenes/S1-LN-EBSA-VSM-T1.png, id=897, 613.5723pt x 393.8715pt>
File: Imagenes/S1-LN-EBSA-VSM-T1.png Graphic file (type png)
<use Imagenes/S1-LN-EBSA-VSM-T1.png>
Package pdftex.def Info: Imagenes/S1-LN-EBSA-VSM-T1.png  used on input line 394
.
(pdftex.def)             Requested size: 426.79134pt x 273.97127pt.

LaTeX Warning: `!h' float specifier changed to `!ht'.

)
Overfull \vbox (11.36665pt too high) has occurred while \output is active []


[53

 <./Imagenes/S1-LN-EBSA-RF-T1.png>]

LaTeX Warning: Text page 54 contains only floats.


Overfull \vbox (11.36665pt too high) has occurred while \output is active []


[54 <./Imagenes/S1-LN-EBSA-GBR-T1.png> <./Imagenes/S1-LN-EBSA-VSM-T1.png>]
\openout2 = `Capitulos/Capitulo7.aux'.


(Capitulos/Capitulo7.tex
Cap\'{\i }tulo 7.

LaTeX Warning: Reference `tab:hiperparametros_modelos' on page 55 undefined on 
input line 6.

) [55




]
Overfull \vbox (9.33333pt too high) has occurred while \output is active []


[56]
\openout2 = `Capitulos/Apendice1.aux'.

 (Capitulos/Apendice1.tex
Ap\'{e}ndice A.
) [57




] (MiTesis.bbl
LaTeX Encoding Info:    Ignoring declaration for text command \guillemotleft (e
ncoding OT1) on input line 2.
LaTeX Encoding Info:    Ignoring declaration for text command \guillemotright (
encoding OT1) on input line 4.

Underfull \hbox (badness 2088) in paragraph at lines 34--40
[]\OT1/cmr/m/sc/12 Diaferia, G.\OT1/cmr/m/n/12 , \OT1/cmr/m/sc/12 L. Va-lo-ro-s
o\OT1/cmr/m/n/12 , \OT1/cmr/m/sc/12 L. Im-pro-ta \OT1/cmr/m/n/12 y \OT1/cmr/m/s
c/12 D. Pic-ci-ni-ni \OT1/cmr/m/n/12 (2024), []A
 []

[58




]
Overfull \vbox (9.33333pt too high) has occurred while \output is active []


[59])

Package natbib Warning: There were undefined citations.


Overfull \vbox (9.33333pt too high) has occurred while \output is active []


[60] (MiTesis.aux (Capitulos/Portadas.aux)
LaTeX Info: Redefining \. on input line 12.
LaTeX Info: Redefining \% on input line 12.
 (Capitulos/Dedicatoria.aux)
(Capitulos/Agradecimientos.aux) (Capitulos/Capitulo1.aux)
(Capitulos/Capitulo2.aux) (Capitulos/Capitulo3.aux) (Capitulos/Capitulo4.aux)
(Capitulos/Capitulo-5.aux) (Capitulos/Capitulo6.aux) (Capitulos/Capitulo7.aux)
(Capitulos/Apendice1.aux))
 ***********
LaTeX2e <2025-11-01>
L3 programming layer <2026-03-20>
 ***********


LaTeX Font Warning: Some font shapes were not available, defaults substituted.


LaTeX Warning: There were undefined references.


LaTeX Warning: Label(s) may have changed. Rerun to get cross-references right.


Package rerunfilecheck Warning: File `MiTesis.out' has changed.
(rerunfilecheck)                Rerun to get outlines right
(rerunfilecheck)                or use package `bookmark'.

Package rerunfilecheck Info: Checksums for `MiTesis.out':
(rerunfilecheck)             Before: ECCC7D30E75779C458E4A152DC21F988;10364
(rerunfilecheck)             After:  7E83F950C776D54D977CB76C58EEDFD7;10410.
 ) 
Here is how much of TeX's memory you used:
 18989 strings out of 467691
 371047 string characters out of 5414987
 812666 words of memory out of 5000000
 47560 multiletter control sequences out of 15000+600000
 638668 words of font info for 83 fonts, out of 8000000 for 9000
 1141 hyphenation exceptions out of 8191
 75i,14n,83p,1021b,1379s stack positions out of 10000i,1000n,20000p,200000b,200000s
<C:/Users/juanj/AppData/Local/Programs/MiKTeX/fonts/type1/public/amsfonts/cm/
cmbx10.pfb><C:/Users/juanj/AppData/Local/Programs/MiKTeX/fonts/type1/public/ams
fonts/cm/cmbx12.pfb><C:/Users/juanj/AppData/Local/Programs/MiKTeX/fonts/type1/p
ublic/amsfonts/cm/cmbx8.pfb><C:/Users/juanj/AppData/Local/Programs/MiKTeX/fonts
/type1/public/amsfonts/cm/cmcsc10.pfb><C:/Users/juanj/AppData/Local/Programs/Mi
KTeX/fonts/type1/public/amsfonts/cm/cmex10.pfb><C:/Users/juanj/AppData/Local/Pr
ograms/MiKTeX/fonts/type1/public/amsfonts/cm/cmmi10.pfb><C:/Users/juanj/AppData
/Local/Programs/MiKTeX/fonts/type1/public/amsfonts/cm/cmmi12.pfb><C:/Users/juan
j/AppData/Local/Programs/MiKTeX/fonts/type1/public/amsfonts/cm/cmmi8.pfb><C:/Us
ers/juanj/AppData/Local/Programs/MiKTeX/fonts/type1/public/amsfonts/cm/cmr10.pf
b><C:/Users/juanj/AppData/Local/Programs/MiKTeX/fonts/type1/public/amsfonts/cm/
cmr12.pfb><C:/Users/juanj/AppData/Local/Programs/MiKTeX/fonts/type1/public/amsf
onts/cm/cmr8.pfb><C:/Users/juanj/AppData/Local/Programs/MiKTeX/fonts/type1/publ
ic/amsfonts/cm/cmsy10.pfb><C:/Users/juanj/AppData/Local/Programs/MiKTeX/fonts/t
ype1/public/amsfonts/cm/cmsy6.pfb><C:/Users/juanj/AppData/Local/Programs/MiKTeX
/fonts/type1/public/amsfonts/cm/cmsy8.pfb><C:/Users/juanj/AppData/Local/Program
s/MiKTeX/fonts/type1/public/amsfonts/cm/cmti12.pfb><C:/Users/juanj/AppData/Loca
l/Programs/MiKTeX/fonts/type1/public/amsfonts/cm/cmtt12.pfb><C:/Users/juanj/App
Data/Local/Programs/MiKTeX/fonts/type1/public/amsfonts/latxfont/lasy10.pfb>
Output written on MiTesis.pdf (70 pages, 2026765 bytes).
PDF statistics:
 1059 PDF objects out of 1200 (max. 8388607)
 212 named destinations out of 1000 (max. 500000)
 511 words of extra memory for PDF output out of 10000 (max. 10000000)

